2014-12-04 17:20:44,109 [main] [?:?] [INFO XmlBeanDefinitionReader] - Loading XML bean definitions from class path resource [applicationContext.xml]
2014-12-04 17:20:44,380 [main] [?:?] [INFO GenericApplicationContext] - Refreshing org.springframework.context.support.GenericApplicationContext@aff7853: startup date [Thu Dec 04 17:20:44 CST 2014]; root of context hierarchy
2014-12-04 17:20:44,565 [main] [PropertiesLoaderSupport.java:177] [INFO PropertyPlaceholderConfigurer] - Loading properties file from class path resource [system.properties]
2014-12-04 17:20:44,601 [main] [DefaultListableBeanFactory.java:557] [INFO DefaultListableBeanFactory] - Pre-instantiating singletons in org.springframework.beans.factory.support.DefaultListableBeanFactory@22da883: defining beans [adminService,org.springframework.context.annotation.internalConfigurationAnnotationProcessor,org.springframework.context.annotation.internalAutowiredAnnotationProcessor,org.springframework.context.annotation.internalRequiredAnnotationProcessor,org.springframework.context.annotation.internalCommonAnnotationProcessor,org.springframework.beans.factory.config.PropertyPlaceholderConfigurer#0,slf4JBridgeHandler,org.slf4j.bridge.SLF4JBridgeHandler#0,org.springframework.context.annotation.ConfigurationClassPostProcessor$ImportAwareBeanPostProcessor#0]; root of factory hierarchy
2014-12-04 17:20:44,661 [main] [?:?] [INFO TestService] - projectName:SpringAndBootstrap
2014-12-04 17:20:44,661 [main] [TestService.java:32] [INFO TestService] - dev:true
2014-12-04 17:20:44,665 [main] [?:?] [INFO TestService] - isAdmin:true
2014-12-04 17:20:44,666 [main] [?:?] [INFO TestService] - isAdmin:false
2014-12-04 17:20:44,669 [Thread-2] [AbstractApplicationContext.java:1020] [INFO GenericApplicationContext] - Closing org.springframework.context.support.GenericApplicationContext@aff7853: startup date [Thu Dec 04 17:20:44 CST 2014]; root of context hierarchy
2014-12-04 17:20:44,670 [Thread-2] [?:?] [INFO DefaultListableBeanFactory] - Destroying singletons in org.springframework.beans.factory.support.DefaultListableBeanFactory@22da883: defining beans [adminService,org.springframework.context.annotation.internalConfigurationAnnotationProcessor,org.springframework.context.annotation.internalAutowiredAnnotationProcessor,org.springframework.context.annotation.internalRequiredAnnotationProcessor,org.springframework.context.annotation.internalCommonAnnotationProcessor,org.springframework.beans.factory.config.PropertyPlaceholderConfigurer#0,slf4JBridgeHandler,org.slf4j.bridge.SLF4JBridgeHandler#0,org.springframework.context.annotation.ConfigurationClassPostProcessor$ImportAwareBeanPostProcessor#0]; root of factory hierarchy
2014-12-04 17:23:32,553 [main] [XmlBeanDefinitionReader.java:315] [INFO XmlBeanDefinitionReader] - Loading XML bean definitions from class path resource [applicationContext.xml]
2014-12-04 17:23:33,403 [main] [?:?] [INFO GenericApplicationContext] - Refreshing org.springframework.context.support.GenericApplicationContext@486f03ec: startup date [Thu Dec 04 17:23:33 CST 2014]; root of context hierarchy
2014-12-04 17:23:33,506 [main] [?:?] [INFO PropertyPlaceholderConfigurer] - Loading properties file from class path resource [system.properties]
2014-12-04 17:23:33,523 [main] [?:?] [INFO DefaultListableBeanFactory] - Pre-instantiating singletons in org.springframework.beans.factory.support.DefaultListableBeanFactory@86689a8: defining beans [adminService,org.springframework.context.annotation.internalConfigurationAnnotationProcessor,org.springframework.context.annotation.internalAutowiredAnnotationProcessor,org.springframework.context.annotation.internalRequiredAnnotationProcessor,org.springframework.context.annotation.internalCommonAnnotationProcessor,org.springframework.beans.factory.config.PropertyPlaceholderConfigurer#0,settings,slf4JBridgeHandler,org.slf4j.bridge.SLF4JBridgeHandler#0,org.springframework.context.annotation.ConfigurationClassPostProcessor$ImportAwareBeanPostProcessor#0]; root of factory hierarchy
2014-12-04 17:23:33,552 [main] [PropertiesLoaderSupport.java:177] [INFO PropertiesFactoryBean] - Loading properties file from class path resource [${system.config}]
2014-12-04 17:23:33,554 [main] [?:?] [INFO DefaultListableBeanFactory] - Destroying singletons in org.springframework.beans.factory.support.DefaultListableBeanFactory@86689a8: defining beans [adminService,org.springframework.context.annotation.internalConfigurationAnnotationProcessor,org.springframework.context.annotation.internalAutowiredAnnotationProcessor,org.springframework.context.annotation.internalRequiredAnnotationProcessor,org.springframework.context.annotation.internalCommonAnnotationProcessor,org.springframework.beans.factory.config.PropertyPlaceholderConfigurer#0,settings,slf4JBridgeHandler,org.slf4j.bridge.SLF4JBridgeHandler#0,org.springframework.context.annotation.ConfigurationClassPostProcessor$ImportAwareBeanPostProcessor#0]; root of factory hierarchy
2014-12-04 17:23:33,562 [main] [?:?] [ERROR TestContextManager] - Caught exception while allowing TestExecutionListener [org.springframework.test.context.support.DependencyInjectionTestExecutionListener@289cf40c] to prepare test instance [com.jasper.sab.service.TestService@585a54a8]
java.lang.IllegalStateException: Failed to load ApplicationContext
	at org.springframework.test.context.TestContext.getApplicationContext(TestContext.java:157) ~[spring-test-3.1.0.RELEASE.jar:3.1.0.RELEASE]
	at org.springframework.test.context.support.DependencyInjectionTestExecutionListener.injectDependencies(DependencyInjectionTestExecutionListener.java:109) ~[spring-test-3.1.0.RELEASE.jar:3.1.0.RELEASE]
	at org.springframework.test.context.support.DependencyInjectionTestExecutionListener.prepareTestInstance(DependencyInjectionTestExecutionListener.java:75) ~[spring-test-3.1.0.RELEASE.jar:3.1.0.RELEASE]
	at org.springframework.test.context.TestContextManager.prepareTestInstance(TestContextManager.java:321) ~[spring-test-3.1.0.RELEASE.jar:3.1.0.RELEASE]
	at org.springframework.test.context.junit4.SpringJUnit4ClassRunner.createTest(SpringJUnit4ClassRunner.java:211) [spring-test-3.1.0.RELEASE.jar:3.1.0.RELEASE]
	at org.springframework.test.context.junit4.SpringJUnit4ClassRunner$1.runReflectiveCall(SpringJUnit4ClassRunner.java:288) [spring-test-3.1.0.RELEASE.jar:3.1.0.RELEASE]
	at org.junit.internal.runners.model.ReflectiveCallable.run(ReflectiveCallable.java:15) [junit-4.8.1.jar:na]
	at org.springframework.test.context.junit4.SpringJUnit4ClassRunner.methodBlock(SpringJUnit4ClassRunner.java:290) [spring-test-3.1.0.RELEASE.jar:3.1.0.RELEASE]
	at org.springframework.test.context.junit4.SpringJUnit4ClassRunner.runChild(SpringJUnit4ClassRunner.java:231) [spring-test-3.1.0.RELEASE.jar:3.1.0.RELEASE]
	at org.junit.runners.BlockJUnit4ClassRunner.runChild(BlockJUnit4ClassRunner.java:50) [junit-4.8.1.jar:na]
	at org.junit.runners.ParentRunner$3.run(ParentRunner.java:193) [junit-4.8.1.jar:na]
	at org.junit.runners.ParentRunner$1.schedule(ParentRunner.java:52) [junit-4.8.1.jar:na]
	at org.junit.runners.ParentRunner.runChildren(ParentRunner.java:191) [junit-4.8.1.jar:na]
	at org.junit.runners.ParentRunner.access$000(ParentRunner.java:42) [junit-4.8.1.jar:na]
	at org.junit.runners.ParentRunner$2.evaluate(ParentRunner.java:184) [junit-4.8.1.jar:na]
	at org.springframework.test.context.junit4.statements.RunBeforeTestClassCallbacks.evaluate(RunBeforeTestClassCallbacks.java:61) [spring-test-3.1.0.RELEASE.jar:3.1.0.RELEASE]
	at org.springframework.test.context.junit4.statements.RunAfterTestClassCallbacks.evaluate(RunAfterTestClassCallbacks.java:71) [spring-test-3.1.0.RELEASE.jar:3.1.0.RELEASE]
	at org.junit.runners.ParentRunner.run(ParentRunner.java:236) [junit-4.8.1.jar:na]
	at org.springframework.test.context.junit4.SpringJUnit4ClassRunner.run(SpringJUnit4ClassRunner.java:174) [spring-test-3.1.0.RELEASE.jar:3.1.0.RELEASE]
	at org.eclipse.jdt.internal.junit4.runner.JUnit4TestReference.run(JUnit4TestReference.java:50) [.cp/:na]
	at org.eclipse.jdt.internal.junit.runner.TestExecution.run(TestExecution.java:38) [.cp/:na]
	at org.eclipse.jdt.internal.junit.runner.RemoteTestRunner.runTests(RemoteTestRunner.java:467) [.cp/:na]
	at org.eclipse.jdt.internal.junit.runner.RemoteTestRunner.runTests(RemoteTestRunner.java:683) [.cp/:na]
	at org.eclipse.jdt.internal.junit.runner.RemoteTestRunner.run(RemoteTestRunner.java:390) [.cp/:na]
	at org.eclipse.jdt.internal.junit.runner.RemoteTestRunner.main(RemoteTestRunner.java:197) [.cp/:na]
Caused by: org.springframework.beans.factory.BeanCreationException: Error creating bean with name 'settings': Invocation of init method failed; nested exception is java.io.FileNotFoundException: class path resource [${system.config}] cannot be opened because it does not exist
	at org.springframework.beans.factory.support.AbstractAutowireCapableBeanFactory.initializeBean(AbstractAutowireCapableBeanFactory.java:1455) ~[spring-beans-3.1.0.RELEASE.jar:3.1.0.RELEASE]
	at org.springframework.beans.factory.support.AbstractAutowireCapableBeanFactory.doCreateBean(AbstractAutowireCapableBeanFactory.java:519) ~[spring-beans-3.1.0.RELEASE.jar:3.1.0.RELEASE]
	at org.springframework.beans.factory.support.AbstractAutowireCapableBeanFactory.createBean(AbstractAutowireCapableBeanFactory.java:456) ~[spring-beans-3.1.0.RELEASE.jar:3.1.0.RELEASE]
	at org.springframework.beans.factory.support.AbstractBeanFactory$1.getObject(AbstractBeanFactory.java:294) ~[spring-beans-3.1.0.RELEASE.jar:3.1.0.RELEASE]
	at org.springframework.beans.factory.support.DefaultSingletonBeanRegistry.getSingleton(DefaultSingletonBeanRegistry.java:225) ~[spring-beans-3.1.0.RELEASE.jar:3.1.0.RELEASE]
	at org.springframework.beans.factory.support.AbstractBeanFactory.doGetBean(AbstractBeanFactory.java:291) ~[spring-beans-3.1.0.RELEASE.jar:3.1.0.RELEASE]
	at org.springframework.beans.factory.support.AbstractBeanFactory.getBean(AbstractBeanFactory.java:193) ~[spring-beans-3.1.0.RELEASE.jar:3.1.0.RELEASE]
	at org.springframework.beans.factory.support.DefaultListableBeanFactory.preInstantiateSingletons(DefaultListableBeanFactory.java:567) ~[spring-beans-3.1.0.RELEASE.jar:3.1.0.RELEASE]
	at org.springframework.context.support.AbstractApplicationContext.finishBeanFactoryInitialization(AbstractApplicationContext.java:913) ~[spring-context-3.1.0.RELEASE.jar:3.1.0.RELEASE]
	at org.springframework.context.support.AbstractApplicationContext.refresh(AbstractApplicationContext.java:464) ~[spring-context-3.1.0.RELEASE.jar:3.1.0.RELEASE]
	at org.springframework.test.context.support.AbstractGenericContextLoader.loadContext(AbstractGenericContextLoader.java:103) ~[spring-test-3.1.0.RELEASE.jar:3.1.0.RELEASE]
	at org.springframework.test.context.support.AbstractGenericContextLoader.loadContext(AbstractGenericContextLoader.java:1) ~[spring-test-3.1.0.RELEASE.jar:3.1.0.RELEASE]
	at org.springframework.test.context.support.DelegatingSmartContextLoader.loadContext(DelegatingSmartContextLoader.java:228) ~[spring-test-3.1.0.RELEASE.jar:3.1.0.RELEASE]
	at org.springframework.test.context.TestContext.loadApplicationContext(TestContext.java:124) ~[spring-test-3.1.0.RELEASE.jar:3.1.0.RELEASE]
	at org.springframework.test.context.TestContext.getApplicationContext(TestContext.java:148) ~[spring-test-3.1.0.RELEASE.jar:3.1.0.RELEASE]
	... 24 common frames omitted
Caused by: java.io.FileNotFoundException: class path resource [${system.config}] cannot be opened because it does not exist
	at org.springframework.core.io.ClassPathResource.getInputStream(ClassPathResource.java:158) ~[spring-core-3.1.0.RELEASE.jar:3.1.0.RELEASE]
	at org.springframework.core.io.support.PropertiesLoaderSupport.loadProperties(PropertiesLoaderSupport.java:181) ~[spring-core-3.1.0.RELEASE.jar:3.1.0.RELEASE]
	at org.springframework.core.io.support.PropertiesLoaderSupport.mergeProperties(PropertiesLoaderSupport.java:161) ~[spring-core-3.1.0.RELEASE.jar:3.1.0.RELEASE]
	at org.springframework.beans.factory.config.PropertiesFactoryBean.createInstance(PropertiesFactoryBean.java:113) ~[spring-beans-3.1.0.RELEASE.jar:3.1.0.RELEASE]
	at org.springframework.beans.factory.config.PropertiesFactoryBean.createProperties(PropertiesFactoryBean.java:98) ~[spring-beans-3.1.0.RELEASE.jar:3.1.0.RELEASE]
	at org.springframework.beans.factory.config.PropertiesFactoryBean.afterPropertiesSet(PropertiesFactoryBean.java:69) ~[spring-beans-3.1.0.RELEASE.jar:3.1.0.RELEASE]
	at org.springframework.beans.factory.support.AbstractAutowireCapableBeanFactory.invokeInitMethods(AbstractAutowireCapableBeanFactory.java:1514) ~[spring-beans-3.1.0.RELEASE.jar:3.1.0.RELEASE]
	at org.springframework.beans.factory.support.AbstractAutowireCapableBeanFactory.initializeBean(AbstractAutowireCapableBeanFactory.java:1452) ~[spring-beans-3.1.0.RELEASE.jar:3.1.0.RELEASE]
	... 38 common frames omitted
2014-12-04 17:23:33,571 [main] [XmlBeanDefinitionReader.java:315] [INFO XmlBeanDefinitionReader] - Loading XML bean definitions from class path resource [applicationContext.xml]
2014-12-04 17:23:33,963 [main] [?:?] [INFO GenericApplicationContext] - Refreshing org.springframework.context.support.GenericApplicationContext@4d5a5223: startup date [Thu Dec 04 17:23:33 CST 2014]; root of context hierarchy
2014-12-04 17:23:33,968 [main] [?:?] [INFO PropertyPlaceholderConfigurer] - Loading properties file from class path resource [system.properties]
2014-12-04 17:23:33,971 [main] [DefaultListableBeanFactory.java:557] [INFO DefaultListableBeanFactory] - Pre-instantiating singletons in org.springframework.beans.factory.support.DefaultListableBeanFactory@637c72aa: defining beans [adminService,org.springframework.context.annotation.internalConfigurationAnnotationProcessor,org.springframework.context.annotation.internalAutowiredAnnotationProcessor,org.springframework.context.annotation.internalRequiredAnnotationProcessor,org.springframework.context.annotation.internalCommonAnnotationProcessor,org.springframework.beans.factory.config.PropertyPlaceholderConfigurer#0,settings,slf4JBridgeHandler,org.slf4j.bridge.SLF4JBridgeHandler#0,org.springframework.context.annotation.ConfigurationClassPostProcessor$ImportAwareBeanPostProcessor#0]; root of factory hierarchy
2014-12-04 17:23:33,973 [main] [?:?] [INFO PropertiesFactoryBean] - Loading properties file from class path resource [${system.config}]
2014-12-04 17:23:33,974 [main] [?:?] [INFO DefaultListableBeanFactory] - Destroying singletons in org.springframework.beans.factory.support.DefaultListableBeanFactory@637c72aa: defining beans [adminService,org.springframework.context.annotation.internalConfigurationAnnotationProcessor,org.springframework.context.annotation.internalAutowiredAnnotationProcessor,org.springframework.context.annotation.internalRequiredAnnotationProcessor,org.springframework.context.annotation.internalCommonAnnotationProcessor,org.springframework.beans.factory.config.PropertyPlaceholderConfigurer#0,settings,slf4JBridgeHandler,org.slf4j.bridge.SLF4JBridgeHandler#0,org.springframework.context.annotation.ConfigurationClassPostProcessor$ImportAwareBeanPostProcessor#0]; root of factory hierarchy
2014-12-04 17:23:33,974 [main] [?:?] [ERROR TestContextManager] - Caught exception while allowing TestExecutionListener [org.springframework.test.context.support.DependencyInjectionTestExecutionListener@289cf40c] to prepare test instance [com.jasper.sab.service.TestService@369b32b2]
java.lang.IllegalStateException: Failed to load ApplicationContext
	at org.springframework.test.context.TestContext.getApplicationContext(TestContext.java:157) ~[spring-test-3.1.0.RELEASE.jar:3.1.0.RELEASE]
	at org.springframework.test.context.support.DependencyInjectionTestExecutionListener.injectDependencies(DependencyInjectionTestExecutionListener.java:109) ~[spring-test-3.1.0.RELEASE.jar:3.1.0.RELEASE]
	at org.springframework.test.context.support.DependencyInjectionTestExecutionListener.prepareTestInstance(DependencyInjectionTestExecutionListener.java:75) ~[spring-test-3.1.0.RELEASE.jar:3.1.0.RELEASE]
	at org.springframework.test.context.TestContextManager.prepareTestInstance(TestContextManager.java:321) ~[spring-test-3.1.0.RELEASE.jar:3.1.0.RELEASE]
	at org.springframework.test.context.junit4.SpringJUnit4ClassRunner.createTest(SpringJUnit4ClassRunner.java:211) [spring-test-3.1.0.RELEASE.jar:3.1.0.RELEASE]
	at org.springframework.test.context.junit4.SpringJUnit4ClassRunner$1.runReflectiveCall(SpringJUnit4ClassRunner.java:288) [spring-test-3.1.0.RELEASE.jar:3.1.0.RELEASE]
	at org.junit.internal.runners.model.ReflectiveCallable.run(ReflectiveCallable.java:15) [junit-4.8.1.jar:na]
	at org.springframework.test.context.junit4.SpringJUnit4ClassRunner.methodBlock(SpringJUnit4ClassRunner.java:290) [spring-test-3.1.0.RELEASE.jar:3.1.0.RELEASE]
	at org.springframework.test.context.junit4.SpringJUnit4ClassRunner.runChild(SpringJUnit4ClassRunner.java:231) [spring-test-3.1.0.RELEASE.jar:3.1.0.RELEASE]
	at org.junit.runners.BlockJUnit4ClassRunner.runChild(BlockJUnit4ClassRunner.java:50) [junit-4.8.1.jar:na]
	at org.junit.runners.ParentRunner$3.run(ParentRunner.java:193) [junit-4.8.1.jar:na]
	at org.junit.runners.ParentRunner$1.schedule(ParentRunner.java:52) [junit-4.8.1.jar:na]
	at org.junit.runners.ParentRunner.runChildren(ParentRunner.java:191) [junit-4.8.1.jar:na]
	at org.junit.runners.ParentRunner.access$000(ParentRunner.java:42) [junit-4.8.1.jar:na]
	at org.junit.runners.ParentRunner$2.evaluate(ParentRunner.java:184) [junit-4.8.1.jar:na]
	at org.springframework.test.context.junit4.statements.RunBeforeTestClassCallbacks.evaluate(RunBeforeTestClassCallbacks.java:61) [spring-test-3.1.0.RELEASE.jar:3.1.0.RELEASE]
	at org.springframework.test.context.junit4.statements.RunAfterTestClassCallbacks.evaluate(RunAfterTestClassCallbacks.java:71) [spring-test-3.1.0.RELEASE.jar:3.1.0.RELEASE]
	at org.junit.runners.ParentRunner.run(ParentRunner.java:236) [junit-4.8.1.jar:na]
	at org.springframework.test.context.junit4.SpringJUnit4ClassRunner.run(SpringJUnit4ClassRunner.java:174) [spring-test-3.1.0.RELEASE.jar:3.1.0.RELEASE]
	at org.eclipse.jdt.internal.junit4.runner.JUnit4TestReference.run(JUnit4TestReference.java:50) [.cp/:na]
	at org.eclipse.jdt.internal.junit.runner.TestExecution.run(TestExecution.java:38) [.cp/:na]
	at org.eclipse.jdt.internal.junit.runner.RemoteTestRunner.runTests(RemoteTestRunner.java:467) [.cp/:na]
	at org.eclipse.jdt.internal.junit.runner.RemoteTestRunner.runTests(RemoteTestRunner.java:683) [.cp/:na]
	at org.eclipse.jdt.internal.junit.runner.RemoteTestRunner.run(RemoteTestRunner.java:390) [.cp/:na]
	at org.eclipse.jdt.internal.junit.runner.RemoteTestRunner.main(RemoteTestRunner.java:197) [.cp/:na]
Caused by: org.springframework.beans.factory.BeanCreationException: Error creating bean with name 'settings': Invocation of init method failed; nested exception is java.io.FileNotFoundException: class path resource [${system.config}] cannot be opened because it does not exist
	at org.springframework.beans.factory.support.AbstractAutowireCapableBeanFactory.initializeBean(AbstractAutowireCapableBeanFactory.java:1455) ~[spring-beans-3.1.0.RELEASE.jar:3.1.0.RELEASE]
	at org.springframework.beans.factory.support.AbstractAutowireCapableBeanFactory.doCreateBean(AbstractAutowireCapableBeanFactory.java:519) ~[spring-beans-3.1.0.RELEASE.jar:3.1.0.RELEASE]
	at org.springframework.beans.factory.support.AbstractAutowireCapableBeanFactory.createBean(AbstractAutowireCapableBeanFactory.java:456) ~[spring-beans-3.1.0.RELEASE.jar:3.1.0.RELEASE]
	at org.springframework.beans.factory.support.AbstractBeanFactory$1.getObject(AbstractBeanFactory.java:294) ~[spring-beans-3.1.0.RELEASE.jar:3.1.0.RELEASE]
	at org.springframework.beans.factory.support.DefaultSingletonBeanRegistry.getSingleton(DefaultSingletonBeanRegistry.java:225) ~[spring-beans-3.1.0.RELEASE.jar:3.1.0.RELEASE]
	at org.springframework.beans.factory.support.AbstractBeanFactory.doGetBean(AbstractBeanFactory.java:291) ~[spring-beans-3.1.0.RELEASE.jar:3.1.0.RELEASE]
	at org.springframework.beans.factory.support.AbstractBeanFactory.getBean(AbstractBeanFactory.java:193) ~[spring-beans-3.1.0.RELEASE.jar:3.1.0.RELEASE]
	at org.springframework.beans.factory.support.DefaultListableBeanFactory.preInstantiateSingletons(DefaultListableBeanFactory.java:567) ~[spring-beans-3.1.0.RELEASE.jar:3.1.0.RELEASE]
	at org.springframework.context.support.AbstractApplicationContext.finishBeanFactoryInitialization(AbstractApplicationContext.java:913) ~[spring-context-3.1.0.RELEASE.jar:3.1.0.RELEASE]
	at org.springframework.context.support.AbstractApplicationContext.refresh(AbstractApplicationContext.java:464) ~[spring-context-3.1.0.RELEASE.jar:3.1.0.RELEASE]
	at org.springframework.test.context.support.AbstractGenericContextLoader.loadContext(AbstractGenericContextLoader.java:103) ~[spring-test-3.1.0.RELEASE.jar:3.1.0.RELEASE]
	at org.springframework.test.context.support.AbstractGenericContextLoader.loadContext(AbstractGenericContextLoader.java:1) ~[spring-test-3.1.0.RELEASE.jar:3.1.0.RELEASE]
	at org.springframework.test.context.support.DelegatingSmartContextLoader.loadContext(DelegatingSmartContextLoader.java:228) ~[spring-test-3.1.0.RELEASE.jar:3.1.0.RELEASE]
	at org.springframework.test.context.TestContext.loadApplicationContext(TestContext.java:124) ~[spring-test-3.1.0.RELEASE.jar:3.1.0.RELEASE]
	at org.springframework.test.context.TestContext.getApplicationContext(TestContext.java:148) ~[spring-test-3.1.0.RELEASE.jar:3.1.0.RELEASE]
	... 24 common frames omitted
Caused by: java.io.FileNotFoundException: class path resource [${system.config}] cannot be opened because it does not exist
	at org.springframework.core.io.ClassPathResource.getInputStream(ClassPathResource.java:158) ~[spring-core-3.1.0.RELEASE.jar:3.1.0.RELEASE]
	at org.springframework.core.io.support.PropertiesLoaderSupport.loadProperties(PropertiesLoaderSupport.java:181) ~[spring-core-3.1.0.RELEASE.jar:3.1.0.RELEASE]
	at org.springframework.core.io.support.PropertiesLoaderSupport.mergeProperties(PropertiesLoaderSupport.java:161) ~[spring-core-3.1.0.RELEASE.jar:3.1.0.RELEASE]
	at org.springframework.beans.factory.config.PropertiesFactoryBean.createInstance(PropertiesFactoryBean.java:113) ~[spring-beans-3.1.0.RELEASE.jar:3.1.0.RELEASE]
	at org.springframework.beans.factory.config.PropertiesFactoryBean.createProperties(PropertiesFactoryBean.java:98) ~[spring-beans-3.1.0.RELEASE.jar:3.1.0.RELEASE]
	at org.springframework.beans.factory.config.PropertiesFactoryBean.afterPropertiesSet(PropertiesFactoryBean.java:69) ~[spring-beans-3.1.0.RELEASE.jar:3.1.0.RELEASE]
	at org.springframework.beans.factory.support.AbstractAutowireCapableBeanFactory.invokeInitMethods(AbstractAutowireCapableBeanFactory.java:1514) ~[spring-beans-3.1.0.RELEASE.jar:3.1.0.RELEASE]
	at org.springframework.beans.factory.support.AbstractAutowireCapableBeanFactory.initializeBean(AbstractAutowireCapableBeanFactory.java:1452) ~[spring-beans-3.1.0.RELEASE.jar:3.1.0.RELEASE]
	... 38 common frames omitted
2014-12-04 17:24:03,389 [main] [?:?] [INFO XmlBeanDefinitionReader] - Loading XML bean definitions from class path resource [applicationContext.xml]
2014-12-04 17:24:03,997 [main] [?:495] [INFO GenericApplicationContext] - Refreshing org.springframework.context.support.GenericApplicationContext@486f03ec: startup date [Thu Dec 04 17:24:03 CST 2014]; root of context hierarchy
2014-12-04 17:24:04,103 [main] [?:?] [INFO PropertyPlaceholderConfigurer] - Loading properties file from class path resource [system.properties]
2014-12-04 17:24:04,120 [main] [?:?] [INFO DefaultListableBeanFactory] - Pre-instantiating singletons in org.springframework.beans.factory.support.DefaultListableBeanFactory@3d778e7: defining beans [adminService,org.springframework.context.annotation.internalConfigurationAnnotationProcessor,org.springframework.context.annotation.internalAutowiredAnnotationProcessor,org.springframework.context.annotation.internalRequiredAnnotationProcessor,org.springframework.context.annotation.internalCommonAnnotationProcessor,org.springframework.beans.factory.config.PropertyPlaceholderConfigurer#0,settings,slf4JBridgeHandler,org.slf4j.bridge.SLF4JBridgeHandler#0,org.springframework.context.annotation.ConfigurationClassPostProcessor$ImportAwareBeanPostProcessor#0]; root of factory hierarchy
2014-12-04 17:24:04,141 [main] [?:?] [INFO PropertiesFactoryBean] - Loading properties file from class path resource [system.properties]
2014-12-04 17:24:04,220 [main] [?:?] [INFO TestService] - projectName1:SpringAndBootstrap
2014-12-04 17:24:04,220 [main] [?:?] [INFO TestService] - dev1:true
2014-12-04 17:24:04,220 [main] [?:?] [INFO TestService] - projectName2:SpringAndBootstrap
2014-12-04 17:24:04,220 [main] [?:?] [INFO TestService] - dev2:true
2014-12-04 17:24:04,231 [main] [?:?] [INFO TestService] - isAdmin:true
2014-12-04 17:24:04,231 [main] [?:?] [INFO TestService] - isAdmin:false
2014-12-04 17:24:04,234 [Thread-2] [AbstractApplicationContext.java:1020] [INFO GenericApplicationContext] - Closing org.springframework.context.support.GenericApplicationContext@486f03ec: startup date [Thu Dec 04 17:24:03 CST 2014]; root of context hierarchy
2014-12-04 17:24:04,234 [Thread-2] [DefaultSingletonBeanRegistry.java:433] [INFO DefaultListableBeanFactory] - Destroying singletons in org.springframework.beans.factory.support.DefaultListableBeanFactory@3d778e7: defining beans [adminService,org.springframework.context.annotation.internalConfigurationAnnotationProcessor,org.springframework.context.annotation.internalAutowiredAnnotationProcessor,org.springframework.context.annotation.internalRequiredAnnotationProcessor,org.springframework.context.annotation.internalCommonAnnotationProcessor,org.springframework.beans.factory.config.PropertyPlaceholderConfigurer#0,settings,slf4JBridgeHandler,org.slf4j.bridge.SLF4JBridgeHandler#0,org.springframework.context.annotation.ConfigurationClassPostProcessor$ImportAwareBeanPostProcessor#0]; root of factory hierarchy
2014-12-04 17:27:29,938 [main] [?:495] [INFO ClassPathXmlApplicationContext] - Refreshing org.springframework.context.support.ClassPathXmlApplicationContext@39b5b441: startup date [Thu Dec 04 17:27:29 CST 2014]; root of context hierarchy
2014-12-04 17:27:30,006 [main] [XmlBeanDefinitionReader.java:315] [INFO XmlBeanDefinitionReader] - Loading XML bean definitions from class path resource [applicationContext.xml]
2014-12-04 17:27:30,831 [main] [PropertiesLoaderSupport.java:177] [INFO PropertyPlaceholderConfigurer] - Loading properties file from class path resource [system.properties]
2014-12-04 17:27:30,856 [main] [DefaultListableBeanFactory.java:557] [INFO DefaultListableBeanFactory] - Pre-instantiating singletons in org.springframework.beans.factory.support.DefaultListableBeanFactory@28b2eca9: defining beans [adminService,org.springframework.context.annotation.internalConfigurationAnnotationProcessor,org.springframework.context.annotation.internalAutowiredAnnotationProcessor,org.springframework.context.annotation.internalRequiredAnnotationProcessor,org.springframework.context.annotation.internalCommonAnnotationProcessor,org.springframework.beans.factory.config.PropertyPlaceholderConfigurer#0,settings,slf4JBridgeHandler,org.slf4j.bridge.SLF4JBridgeHandler#0,org.springframework.context.annotation.ConfigurationClassPostProcessor$ImportAwareBeanPostProcessor#0]; root of factory hierarchy
2014-12-04 17:27:30,887 [main] [PropertiesLoaderSupport.java:177] [INFO PropertiesFactoryBean] - Loading properties file from class path resource [system.properties]
2014-12-04 17:28:18,049 [main] [AbstractApplicationContext.java:495] [INFO ClassPathXmlApplicationContext] - Refreshing org.springframework.context.support.ClassPathXmlApplicationContext@4dad09c: startup date [Thu Dec 04 17:28:18 CST 2014]; root of context hierarchy
2014-12-04 17:28:18,123 [main] [XmlBeanDefinitionReader.java:315] [INFO XmlBeanDefinitionReader] - Loading XML bean definitions from class path resource [applicationContext.xml]
2014-12-04 17:28:18,862 [main] [PropertiesLoaderSupport.java:177] [INFO PropertyPlaceholderConfigurer] - Loading properties file from class path resource [system.properties]
2014-12-04 17:28:18,876 [main] [?:?] [INFO DefaultListableBeanFactory] - Pre-instantiating singletons in org.springframework.beans.factory.support.DefaultListableBeanFactory@28b2eca9: defining beans [adminService,org.springframework.context.annotation.internalConfigurationAnnotationProcessor,org.springframework.context.annotation.internalAutowiredAnnotationProcessor,org.springframework.context.annotation.internalRequiredAnnotationProcessor,org.springframework.context.annotation.internalCommonAnnotationProcessor,org.springframework.beans.factory.config.PropertyPlaceholderConfigurer#0,settings,slf4JBridgeHandler,org.slf4j.bridge.SLF4JBridgeHandler#0,org.springframework.context.annotation.ConfigurationClassPostProcessor$ImportAwareBeanPostProcessor#0]; root of factory hierarchy
2014-12-04 17:28:18,894 [main] [?:?] [INFO PropertiesFactoryBean] - Loading properties file from class path resource [system.properties]
2014-12-04 17:28:45,115 [main] [?:?] [INFO ClassPathXmlApplicationContext] - Refreshing org.springframework.context.support.ClassPathXmlApplicationContext@2262ce5f: startup date [Thu Dec 04 17:28:45 CST 2014]; root of context hierarchy
2014-12-04 17:28:45,183 [main] [?:?] [INFO XmlBeanDefinitionReader] - Loading XML bean definitions from class path resource [applicationContext.xml]
2014-12-04 17:28:45,927 [main] [?:?] [INFO PropertyPlaceholderConfigurer] - Loading properties file from class path resource [system.properties]
2014-12-04 17:28:45,944 [main] [?:?] [INFO DefaultListableBeanFactory] - Pre-instantiating singletons in org.springframework.beans.factory.support.DefaultListableBeanFactory@28b2eca9: defining beans [adminService,org.springframework.context.annotation.internalConfigurationAnnotationProcessor,org.springframework.context.annotation.internalAutowiredAnnotationProcessor,org.springframework.context.annotation.internalRequiredAnnotationProcessor,org.springframework.context.annotation.internalCommonAnnotationProcessor,org.springframework.beans.factory.config.PropertyPlaceholderConfigurer#0,settings,slf4JBridgeHandler,org.slf4j.bridge.SLF4JBridgeHandler#0,org.springframework.context.annotation.ConfigurationClassPostProcessor$ImportAwareBeanPostProcessor#0]; root of factory hierarchy
2014-12-04 17:28:45,960 [main] [?:?] [INFO PropertiesFactoryBean] - Loading properties file from class path resource [system.properties]
2014-12-04 17:29:48,703 [main] [?:495] [INFO ClassPathXmlApplicationContext] - Refreshing org.springframework.context.support.ClassPathXmlApplicationContext@4dad09c: startup date [Thu Dec 04 17:29:48 CST 2014]; root of context hierarchy
2014-12-04 17:29:48,776 [main] [XmlBeanDefinitionReader.java:315] [INFO XmlBeanDefinitionReader] - Loading XML bean definitions from class path resource [applicationContext.xml]
2014-12-04 17:29:49,438 [main] [?:?] [INFO PropertyPlaceholderConfigurer] - Loading properties file from class path resource [system.properties]
2014-12-04 17:29:49,457 [main] [?:?] [INFO DefaultListableBeanFactory] - Pre-instantiating singletons in org.springframework.beans.factory.support.DefaultListableBeanFactory@707a98a4: defining beans [adminService,org.springframework.context.annotation.internalConfigurationAnnotationProcessor,org.springframework.context.annotation.internalAutowiredAnnotationProcessor,org.springframework.context.annotation.internalRequiredAnnotationProcessor,org.springframework.context.annotation.internalCommonAnnotationProcessor,org.springframework.beans.factory.config.PropertyPlaceholderConfigurer#0,settings,slf4JBridgeHandler,org.slf4j.bridge.SLF4JBridgeHandler#0,org.springframework.context.annotation.ConfigurationClassPostProcessor$ImportAwareBeanPostProcessor#0]; root of factory hierarchy
2014-12-04 17:29:49,471 [main] [?:?] [INFO PropertiesFactoryBean] - Loading properties file from class path resource [system.properties]
2014-12-04 17:30:53,082 [main] [?:495] [INFO ClassPathXmlApplicationContext] - Refreshing org.springframework.context.support.ClassPathXmlApplicationContext@4dad09c: startup date [Thu Dec 04 17:30:53 CST 2014]; root of context hierarchy
2014-12-04 17:30:53,145 [main] [XmlBeanDefinitionReader.java:315] [INFO XmlBeanDefinitionReader] - Loading XML bean definitions from class path resource [applicationContext.xml]
2014-12-04 17:30:53,855 [main] [?:?] [INFO PropertyPlaceholderConfigurer] - Loading properties file from class path resource [system.properties]
2014-12-04 17:30:53,869 [main] [DefaultListableBeanFactory.java:557] [INFO DefaultListableBeanFactory] - Pre-instantiating singletons in org.springframework.beans.factory.support.DefaultListableBeanFactory@bb70ad: defining beans [adminService,org.springframework.context.annotation.internalConfigurationAnnotationProcessor,org.springframework.context.annotation.internalAutowiredAnnotationProcessor,org.springframework.context.annotation.internalRequiredAnnotationProcessor,org.springframework.context.annotation.internalCommonAnnotationProcessor,org.springframework.beans.factory.config.PropertyPlaceholderConfigurer#0,settings,slf4JBridgeHandler,org.slf4j.bridge.SLF4JBridgeHandler#0,org.springframework.context.annotation.ConfigurationClassPostProcessor$ImportAwareBeanPostProcessor#0]; root of factory hierarchy
2014-12-04 17:30:53,884 [main] [?:?] [INFO PropertiesFactoryBean] - Loading properties file from class path resource [system.properties]
2014-12-04 17:30:53,893 [main] [PropertiesLoaderSupport.java:177] [INFO PropertyPlaceholderConfigurer] - Loading properties file from class path resource [system.properties]
2014-12-04 17:32:20,561 [main] [?:?] [INFO ClassPathXmlApplicationContext] - Refreshing org.springframework.context.support.ClassPathXmlApplicationContext@46f3978d: startup date [Thu Dec 04 17:32:20 CST 2014]; root of context hierarchy
2014-12-04 17:32:20,616 [main] [?:?] [INFO XmlBeanDefinitionReader] - Loading XML bean definitions from class path resource [applicationContext.xml]
2014-12-04 17:32:21,417 [main] [PropertiesLoaderSupport.java:177] [INFO PropertyPlaceholderConfigurer] - Loading properties file from class path resource [system.properties]
2014-12-04 17:32:21,431 [main] [?:?] [INFO DefaultListableBeanFactory] - Pre-instantiating singletons in org.springframework.beans.factory.support.DefaultListableBeanFactory@707a98a4: defining beans [adminService,org.springframework.context.annotation.internalConfigurationAnnotationProcessor,org.springframework.context.annotation.internalAutowiredAnnotationProcessor,org.springframework.context.annotation.internalRequiredAnnotationProcessor,org.springframework.context.annotation.internalCommonAnnotationProcessor,org.springframework.beans.factory.config.PropertyPlaceholderConfigurer#0,settings,slf4JBridgeHandler,org.slf4j.bridge.SLF4JBridgeHandler#0,org.springframework.context.annotation.ConfigurationClassPostProcessor$ImportAwareBeanPostProcessor#0]; root of factory hierarchy
2014-12-04 17:32:21,446 [main] [PropertiesLoaderSupport.java:177] [INFO PropertiesFactoryBean] - Loading properties file from class path resource [system.properties]
2014-12-04 17:32:21,458 [main] [?:?] [INFO PropertyPlaceholderConfigurer] - Loading properties file from class path resource [system.properties]
2014-12-04 17:32:21,459 [main] [?:?] [INFO PropertiesFactoryBean] - Loading properties file from class path resource [system.properties]
2014-12-04 17:38:37,570 [main] [?:495] [INFO ClassPathXmlApplicationContext] - Refreshing org.springframework.context.support.ClassPathXmlApplicationContext@46f3978d: startup date [Thu Dec 04 17:38:37 CST 2014]; root of context hierarchy
2014-12-04 17:38:37,619 [main] [?:?] [INFO XmlBeanDefinitionReader] - Loading XML bean definitions from class path resource [applicationContext.xml]
2014-12-04 17:38:38,302 [main] [?:?] [INFO PropertyPlaceholderConfigurer] - Loading properties file from class path resource [system.properties]
2014-12-04 17:38:38,316 [main] [?:?] [INFO DefaultListableBeanFactory] - Pre-instantiating singletons in org.springframework.beans.factory.support.DefaultListableBeanFactory@707a98a4: defining beans [adminService,org.springframework.context.annotation.internalConfigurationAnnotationProcessor,org.springframework.context.annotation.internalAutowiredAnnotationProcessor,org.springframework.context.annotation.internalRequiredAnnotationProcessor,org.springframework.context.annotation.internalCommonAnnotationProcessor,org.springframework.beans.factory.config.PropertyPlaceholderConfigurer#0,settings,slf4JBridgeHandler,org.slf4j.bridge.SLF4JBridgeHandler#0,org.springframework.context.annotation.ConfigurationClassPostProcessor$ImportAwareBeanPostProcessor#0]; root of factory hierarchy
2014-12-04 17:38:38,329 [main] [?:?] [INFO PropertiesFactoryBean] - Loading properties file from class path resource [system.properties]
2014-12-04 17:38:38,338 [main] [?:?] [INFO PropertyPlaceholderConfigurer] - Loading properties file from class path resource [system.properties]
2014-12-04 17:38:38,338 [main] [?:?] [INFO PropertiesFactoryBean] - Loading properties file from class path resource [system.properties]
2014-12-04 17:39:25,486 [main] [?:?] [INFO ClassPathXmlApplicationContext] - Refreshing org.springframework.context.support.ClassPathXmlApplicationContext@4dad09c: startup date [Thu Dec 04 17:39:25 CST 2014]; root of context hierarchy
2014-12-04 17:39:25,535 [main] [?:?] [INFO XmlBeanDefinitionReader] - Loading XML bean definitions from class path resource [applicationContext.xml]
2014-12-04 17:39:26,203 [main] [?:?] [INFO PropertyPlaceholderConfigurer] - Loading properties file from class path resource [system.properties]
2014-12-04 17:39:26,218 [main] [?:?] [INFO DefaultListableBeanFactory] - Pre-instantiating singletons in org.springframework.beans.factory.support.DefaultListableBeanFactory@28b2eca9: defining beans [adminService,org.springframework.context.annotation.internalConfigurationAnnotationProcessor,org.springframework.context.annotation.internalAutowiredAnnotationProcessor,org.springframework.context.annotation.internalRequiredAnnotationProcessor,org.springframework.context.annotation.internalCommonAnnotationProcessor,org.springframework.beans.factory.config.PropertyPlaceholderConfigurer#0,settings,slf4JBridgeHandler,org.slf4j.bridge.SLF4JBridgeHandler#0,org.springframework.context.annotation.ConfigurationClassPostProcessor$ImportAwareBeanPostProcessor#0]; root of factory hierarchy
2014-12-04 17:39:26,237 [main] [PropertiesLoaderSupport.java:177] [INFO PropertiesFactoryBean] - Loading properties file from class path resource [system.properties]
2014-12-04 17:40:01,619 [main] [?:495] [INFO ClassPathXmlApplicationContext] - Refreshing org.springframework.context.support.ClassPathXmlApplicationContext@2262ce5f: startup date [Thu Dec 04 17:40:01 CST 2014]; root of context hierarchy
2014-12-04 17:40:01,670 [main] [?:?] [INFO XmlBeanDefinitionReader] - Loading XML bean definitions from class path resource [applicationContext.xml]
2014-12-04 17:40:02,355 [main] [?:?] [INFO PropertyPlaceholderConfigurer] - Loading properties file from class path resource [system.properties]
2014-12-04 17:40:02,368 [main] [?:?] [INFO DefaultListableBeanFactory] - Pre-instantiating singletons in org.springframework.beans.factory.support.DefaultListableBeanFactory@6c2ad6c6: defining beans [adminService,org.springframework.context.annotation.internalConfigurationAnnotationProcessor,org.springframework.context.annotation.internalAutowiredAnnotationProcessor,org.springframework.context.annotation.internalRequiredAnnotationProcessor,org.springframework.context.annotation.internalCommonAnnotationProcessor,org.springframework.beans.factory.config.PropertyPlaceholderConfigurer#0,settings,slf4JBridgeHandler,org.slf4j.bridge.SLF4JBridgeHandler#0,org.springframework.context.annotation.ConfigurationClassPostProcessor$ImportAwareBeanPostProcessor#0]; root of factory hierarchy
2014-12-04 17:40:02,382 [main] [?:?] [INFO PropertiesFactoryBean] - Loading properties file from class path resource [system.properties]
2014-12-04 17:40:33,400 [main] [?:495] [INFO ClassPathXmlApplicationContext] - Refreshing org.springframework.context.support.ClassPathXmlApplicationContext@2262ce5f: startup date [Thu Dec 04 17:40:33 CST 2014]; root of context hierarchy
2014-12-04 17:40:33,448 [main] [?:?] [INFO XmlBeanDefinitionReader] - Loading XML bean definitions from class path resource [applicationContext.xml]
2014-12-04 17:40:34,138 [main] [?:?] [INFO PropertyPlaceholderConfigurer] - Loading properties file from class path resource [system.properties]
2014-12-04 17:40:34,151 [main] [?:?] [INFO DefaultListableBeanFactory] - Pre-instantiating singletons in org.springframework.beans.factory.support.DefaultListableBeanFactory@bb70ad: defining beans [adminService,org.springframework.context.annotation.internalConfigurationAnnotationProcessor,org.springframework.context.annotation.internalAutowiredAnnotationProcessor,org.springframework.context.annotation.internalRequiredAnnotationProcessor,org.springframework.context.annotation.internalCommonAnnotationProcessor,org.springframework.beans.factory.config.PropertyPlaceholderConfigurer#0,settings,slf4JBridgeHandler,org.slf4j.bridge.SLF4JBridgeHandler#0,org.springframework.context.annotation.ConfigurationClassPostProcessor$ImportAwareBeanPostProcessor#0]; root of factory hierarchy
2014-12-04 17:40:34,165 [main] [?:?] [INFO PropertiesFactoryBean] - Loading properties file from class path resource [system.properties]
2014-12-04 17:40:34,174 [main] [?:?] [INFO PropertyPlaceholderConfigurer] - Loading properties file from class path resource [system.properties]
2014-12-04 17:40:34,175 [main] [?:?] [INFO PropertiesFactoryBean] - Loading properties file from class path resource [system.properties]
2014-12-04 17:41:32,354 [main] [?:495] [INFO ClassPathXmlApplicationContext] - Refreshing org.springframework.context.support.ClassPathXmlApplicationContext@2262ce5f: startup date [Thu Dec 04 17:41:32 CST 2014]; root of context hierarchy
2014-12-04 17:41:32,402 [main] [?:?] [INFO XmlBeanDefinitionReader] - Loading XML bean definitions from class path resource [applicationContext.xml]
2014-12-04 17:41:33,096 [main] [?:?] [INFO PropertyPlaceholderConfigurer] - Loading properties file from class path resource [system.properties]
2014-12-04 17:41:33,109 [main] [?:?] [INFO DefaultListableBeanFactory] - Pre-instantiating singletons in org.springframework.beans.factory.support.DefaultListableBeanFactory@11e26e3b: defining beans [adminService,org.springframework.context.annotation.internalConfigurationAnnotationProcessor,org.springframework.context.annotation.internalAutowiredAnnotationProcessor,org.springframework.context.annotation.internalRequiredAnnotationProcessor,org.springframework.context.annotation.internalCommonAnnotationProcessor,org.springframework.beans.factory.config.PropertyPlaceholderConfigurer#0,settings,slf4JBridgeHandler,org.slf4j.bridge.SLF4JBridgeHandler#0,org.springframework.context.annotation.ConfigurationClassPostProcessor$ImportAwareBeanPostProcessor#0]; root of factory hierarchy
2014-12-04 17:41:33,124 [main] [?:?] [INFO PropertiesFactoryBean] - Loading properties file from class path resource [system.properties]
2014-12-04 17:41:33,133 [main] [?:?] [INFO PropertyPlaceholderConfigurer] - Loading properties file from class path resource [system.properties]
2014-12-04 17:43:39,437 [main] [?:495] [INFO ClassPathXmlApplicationContext] - Refreshing org.springframework.context.support.ClassPathXmlApplicationContext@13bca8e2: startup date [Thu Dec 04 17:43:39 CST 2014]; root of context hierarchy
2014-12-04 17:43:39,490 [main] [XmlBeanDefinitionReader.java:315] [INFO XmlBeanDefinitionReader] - Loading XML bean definitions from class path resource [applicationContext.xml]
2014-12-04 17:43:40,102 [main] [?:?] [INFO PropertyPlaceholderConfigurer] - Loading properties file from class path resource [system.properties]
2014-12-04 17:43:40,115 [main] [?:?] [INFO DefaultListableBeanFactory] - Pre-instantiating singletons in org.springframework.beans.factory.support.DefaultListableBeanFactory@707a98a4: defining beans [adminService,org.springframework.context.annotation.internalConfigurationAnnotationProcessor,org.springframework.context.annotation.internalAutowiredAnnotationProcessor,org.springframework.context.annotation.internalRequiredAnnotationProcessor,org.springframework.context.annotation.internalCommonAnnotationProcessor,org.springframework.beans.factory.config.PropertyPlaceholderConfigurer#0,settings,slf4JBridgeHandler,org.slf4j.bridge.SLF4JBridgeHandler#0,org.springframework.context.annotation.ConfigurationClassPostProcessor$ImportAwareBeanPostProcessor#0]; root of factory hierarchy
2014-12-04 17:43:40,129 [main] [?:?] [INFO PropertiesFactoryBean] - Loading properties file from class path resource [system.properties]
2014-12-04 17:43:40,139 [main] [?:?] [INFO PropertyPlaceholderConfigurer] - Loading properties file from class path resource [system.properties]
2014-12-04 18:04:32,747 [main] [?:495] [INFO ClassPathXmlApplicationContext] - Refreshing org.springframework.context.support.ClassPathXmlApplicationContext@2262ce5f: startup date [Thu Dec 04 18:04:32 CST 2014]; root of context hierarchy
2014-12-04 18:04:32,796 [main] [?:?] [INFO XmlBeanDefinitionReader] - Loading XML bean definitions from class path resource [applicationContext.xml]
2014-12-04 18:04:33,512 [main] [?:?] [INFO PropertyPlaceholderConfigurer] - Loading properties file from class path resource [system.properties]
2014-12-04 18:04:33,527 [main] [DefaultListableBeanFactory.java:557] [INFO DefaultListableBeanFactory] - Pre-instantiating singletons in org.springframework.beans.factory.support.DefaultListableBeanFactory@707a98a4: defining beans [adminService,org.springframework.context.annotation.internalConfigurationAnnotationProcessor,org.springframework.context.annotation.internalAutowiredAnnotationProcessor,org.springframework.context.annotation.internalRequiredAnnotationProcessor,org.springframework.context.annotation.internalCommonAnnotationProcessor,org.springframework.beans.factory.config.PropertyPlaceholderConfigurer#0,settings,slf4JBridgeHandler,org.slf4j.bridge.SLF4JBridgeHandler#0,org.springframework.context.annotation.ConfigurationClassPostProcessor$ImportAwareBeanPostProcessor#0]; root of factory hierarchy
2014-12-04 18:04:33,547 [main] [?:?] [INFO PropertiesFactoryBean] - Loading properties file from class path resource [system.properties]
2014-12-04 18:04:33,562 [main] [?:?] [INFO PropertyPlaceholderConfigurer] - Loading properties file from class path resource [system.properties]
2014-12-04 18:14:47,642 [main] [?:495] [INFO ClassPathXmlApplicationContext] - Refreshing org.springframework.context.support.ClassPathXmlApplicationContext@13bca8e2: startup date [Thu Dec 04 18:14:47 CST 2014]; root of context hierarchy
2014-12-04 18:14:47,696 [main] [?:?] [INFO XmlBeanDefinitionReader] - Loading XML bean definitions from class path resource [applicationContext.xml]
2014-12-04 18:14:48,536 [main] [?:?] [INFO PropertyPlaceholderConfigurer] - Loading properties file from class path resource [system.properties]
2014-12-04 18:14:48,551 [main] [?:?] [INFO DefaultListableBeanFactory] - Pre-instantiating singletons in org.springframework.beans.factory.support.DefaultListableBeanFactory@623bbf83: defining beans [adminService,org.springframework.context.annotation.internalConfigurationAnnotationProcessor,org.springframework.context.annotation.internalAutowiredAnnotationProcessor,org.springframework.context.annotation.internalRequiredAnnotationProcessor,org.springframework.context.annotation.internalCommonAnnotationProcessor,org.springframework.beans.factory.config.PropertyPlaceholderConfigurer#0,settings,slf4JBridgeHandler,org.slf4j.bridge.SLF4JBridgeHandler#0,org.springframework.context.annotation.ConfigurationClassPostProcessor$ImportAwareBeanPostProcessor#0]; root of factory hierarchy
2014-12-04 18:14:48,568 [main] [?:?] [INFO PropertiesFactoryBean] - Loading properties file from class path resource [system.properties]
2014-12-04 18:14:48,577 [main] [?:?] [INFO PropertyPlaceholderConfigurer] - Loading properties file from class path resource [system.properties]
2014-12-04 18:14:57,738 [main] [?:?] [INFO ClassPathXmlApplicationContext] - Refreshing org.springframework.context.support.ClassPathXmlApplicationContext@13bca8e2: startup date [Thu Dec 04 18:14:57 CST 2014]; root of context hierarchy
2014-12-04 18:14:57,786 [main] [?:?] [INFO XmlBeanDefinitionReader] - Loading XML bean definitions from class path resource [applicationContext.xml]
2014-12-04 18:14:58,439 [main] [?:?] [INFO PropertyPlaceholderConfigurer] - Loading properties file from class path resource [system.properties]
2014-12-04 18:14:58,453 [main] [?:?] [INFO DefaultListableBeanFactory] - Pre-instantiating singletons in org.springframework.beans.factory.support.DefaultListableBeanFactory@707a98a4: defining beans [adminService,org.springframework.context.annotation.internalConfigurationAnnotationProcessor,org.springframework.context.annotation.internalAutowiredAnnotationProcessor,org.springframework.context.annotation.internalRequiredAnnotationProcessor,org.springframework.context.annotation.internalCommonAnnotationProcessor,org.springframework.beans.factory.config.PropertyPlaceholderConfigurer#0,settings,slf4JBridgeHandler,org.slf4j.bridge.SLF4JBridgeHandler#0,org.springframework.context.annotation.ConfigurationClassPostProcessor$ImportAwareBeanPostProcessor#0]; root of factory hierarchy
2014-12-04 18:14:58,467 [main] [?:?] [INFO PropertiesFactoryBean] - Loading properties file from class path resource [system.properties]
2014-12-04 18:14:58,475 [main] [?:?] [INFO PropertyPlaceholderConfigurer] - Loading properties file from class path resource [system.properties]
2014-12-04 18:16:32,472 [main] [?:495] [INFO ClassPathXmlApplicationContext] - Refreshing org.springframework.context.support.ClassPathXmlApplicationContext@4dad09c: startup date [Thu Dec 04 18:16:32 CST 2014]; root of context hierarchy
2014-12-04 18:16:32,519 [main] [?:?] [INFO XmlBeanDefinitionReader] - Loading XML bean definitions from class path resource [applicationContext.xml]
2014-12-04 18:16:33,184 [main] [?:?] [INFO PropertyPlaceholderConfigurer] - Loading properties file from class path resource [system.properties]
2014-12-04 18:16:33,196 [main] [?:?] [INFO DefaultListableBeanFactory] - Pre-instantiating singletons in org.springframework.beans.factory.support.DefaultListableBeanFactory@11e26e3b: defining beans [adminService,org.springframework.context.annotation.internalConfigurationAnnotationProcessor,org.springframework.context.annotation.internalAutowiredAnnotationProcessor,org.springframework.context.annotation.internalRequiredAnnotationProcessor,org.springframework.context.annotation.internalCommonAnnotationProcessor,org.springframework.beans.factory.config.PropertyPlaceholderConfigurer#0,settings,slf4JBridgeHandler,org.slf4j.bridge.SLF4JBridgeHandler#0,org.springframework.context.annotation.ConfigurationClassPostProcessor$ImportAwareBeanPostProcessor#0]; root of factory hierarchy
2014-12-04 18:16:33,213 [main] [?:?] [INFO PropertiesFactoryBean] - Loading properties file from class path resource [system.properties]
2014-12-04 18:16:33,221 [main] [?:?] [INFO PropertyPlaceholderConfigurer] - Loading properties file from class path resource [system.properties]
2014-12-04 18:16:41,378 [main] [?:495] [INFO ClassPathXmlApplicationContext] - Refreshing org.springframework.context.support.ClassPathXmlApplicationContext@4722292a: startup date [Thu Dec 04 18:16:41 CST 2014]; root of context hierarchy
2014-12-04 18:16:41,427 [main] [?:?] [INFO XmlBeanDefinitionReader] - Loading XML bean definitions from class path resource [applicationContext.xml]
2014-12-04 18:16:42,056 [main] [?:?] [INFO PropertyPlaceholderConfigurer] - Loading properties file from class path resource [system.properties]
2014-12-04 18:16:42,071 [main] [?:?] [INFO DefaultListableBeanFactory] - Pre-instantiating singletons in org.springframework.beans.factory.support.DefaultListableBeanFactory@6c2ad6c6: defining beans [adminService,org.springframework.context.annotation.internalConfigurationAnnotationProcessor,org.springframework.context.annotation.internalAutowiredAnnotationProcessor,org.springframework.context.annotation.internalRequiredAnnotationProcessor,org.springframework.context.annotation.internalCommonAnnotationProcessor,org.springframework.beans.factory.config.PropertyPlaceholderConfigurer#0,settings,slf4JBridgeHandler,org.slf4j.bridge.SLF4JBridgeHandler#0,org.springframework.context.annotation.ConfigurationClassPostProcessor$ImportAwareBeanPostProcessor#0]; root of factory hierarchy
2014-12-04 18:16:42,090 [main] [?:?] [INFO PropertiesFactoryBean] - Loading properties file from class path resource [system.properties]
2014-12-04 18:16:42,100 [main] [?:?] [INFO PropertyPlaceholderConfigurer] - Loading properties file from class path resource [system.properties]
2014-12-04 18:19:40,795 [main] [?:495] [INFO ClassPathXmlApplicationContext] - Refreshing org.springframework.context.support.ClassPathXmlApplicationContext@4dad09c: startup date [Thu Dec 04 18:19:40 CST 2014]; root of context hierarchy
2014-12-04 18:19:40,845 [main] [?:?] [INFO XmlBeanDefinitionReader] - Loading XML bean definitions from class path resource [applicationContext.xml]
2014-12-04 18:19:41,527 [main] [?:?] [INFO PropertyPlaceholderConfigurer] - Loading properties file from class path resource [system.properties]
2014-12-04 18:19:41,539 [main] [?:?] [INFO DefaultListableBeanFactory] - Pre-instantiating singletons in org.springframework.beans.factory.support.DefaultListableBeanFactory@623bbf83: defining beans [adminService,org.springframework.context.annotation.internalConfigurationAnnotationProcessor,org.springframework.context.annotation.internalAutowiredAnnotationProcessor,org.springframework.context.annotation.internalRequiredAnnotationProcessor,org.springframework.context.annotation.internalCommonAnnotationProcessor,org.springframework.beans.factory.config.PropertyPlaceholderConfigurer#0,settings,slf4JBridgeHandler,org.slf4j.bridge.SLF4JBridgeHandler#0,org.springframework.context.annotation.ConfigurationClassPostProcessor$ImportAwareBeanPostProcessor#0]; root of factory hierarchy
2014-12-04 18:19:41,553 [main] [?:?] [INFO PropertiesFactoryBean] - Loading properties file from class path resource [system.properties]
2014-12-04 18:19:41,562 [main] [PropertiesLoaderSupport.java:177] [INFO PropertyPlaceholderConfigurer] - Loading properties file from class path resource [system.properties]
2014-12-04 18:20:17,796 [main] [?:495] [INFO ClassPathXmlApplicationContext] - Refreshing org.springframework.context.support.ClassPathXmlApplicationContext@4dad09c: startup date [Thu Dec 04 18:20:17 CST 2014]; root of context hierarchy
2014-12-04 18:20:17,844 [main] [?:?] [INFO XmlBeanDefinitionReader] - Loading XML bean definitions from class path resource [applicationContext.xml]
2014-12-04 18:20:18,734 [main] [PropertiesLoaderSupport.java:177] [INFO PropertyPlaceholderConfigurer] - Loading properties file from class path resource [system.properties]
2014-12-04 18:20:18,747 [main] [?:?] [INFO DefaultListableBeanFactory] - Pre-instantiating singletons in org.springframework.beans.factory.support.DefaultListableBeanFactory@6c2ad6c6: defining beans [adminService,org.springframework.context.annotation.internalConfigurationAnnotationProcessor,org.springframework.context.annotation.internalAutowiredAnnotationProcessor,org.springframework.context.annotation.internalRequiredAnnotationProcessor,org.springframework.context.annotation.internalCommonAnnotationProcessor,org.springframework.beans.factory.config.PropertyPlaceholderConfigurer#0,settings,slf4JBridgeHandler,org.slf4j.bridge.SLF4JBridgeHandler#0,org.springframework.context.annotation.ConfigurationClassPostProcessor$ImportAwareBeanPostProcessor#0]; root of factory hierarchy
2014-12-04 18:20:18,760 [main] [?:?] [INFO PropertiesFactoryBean] - Loading properties file from class path resource [system.properties]
2014-12-04 18:20:18,769 [main] [?:?] [INFO PropertyPlaceholderConfigurer] - Loading properties file from class path resource [system.properties]
2014-12-04 18:21:25,932 [main] [?:?] [INFO XmlBeanDefinitionReader] - Loading XML bean definitions from class path resource [applicationContext.xml]
2014-12-04 18:21:26,723 [main] [?:?] [INFO GenericApplicationContext] - Refreshing org.springframework.context.support.GenericApplicationContext@4e7d6ca2: startup date [Thu Dec 04 18:21:26 CST 2014]; root of context hierarchy
2014-12-04 18:21:26,801 [main] [?:?] [INFO PropertyPlaceholderConfigurer] - Loading properties file from class path resource [system.properties]
2014-12-04 18:21:26,816 [main] [DefaultListableBeanFactory.java:557] [INFO DefaultListableBeanFactory] - Pre-instantiating singletons in org.springframework.beans.factory.support.DefaultListableBeanFactory@334879ee: defining beans [adminService,org.springframework.context.annotation.internalConfigurationAnnotationProcessor,org.springframework.context.annotation.internalAutowiredAnnotationProcessor,org.springframework.context.annotation.internalRequiredAnnotationProcessor,org.springframework.context.annotation.internalCommonAnnotationProcessor,org.springframework.beans.factory.config.PropertyPlaceholderConfigurer#0,settings,slf4JBridgeHandler,org.slf4j.bridge.SLF4JBridgeHandler#0,org.springframework.context.annotation.ConfigurationClassPostProcessor$ImportAwareBeanPostProcessor#0]; root of factory hierarchy
2014-12-04 18:21:26,837 [main] [?:?] [INFO PropertiesFactoryBean] - Loading properties file from class path resource [system.properties]
2014-12-04 18:21:26,922 [main] [?:?] [INFO PropertiesTest] - projectName1:SpringAndBootstrap
2014-12-04 18:21:26,923 [main] [?:?] [INFO PropertiesTest] - dev1:true
2014-12-04 18:21:26,923 [main] [?:?] [INFO PropertiesTest] - projectName2:SpringAndBootstrap
2014-12-04 18:21:26,923 [main] [?:?] [INFO PropertiesTest] - dev2:true
2014-12-04 18:21:26,926 [Thread-2] [?:?] [INFO GenericApplicationContext] - Closing org.springframework.context.support.GenericApplicationContext@4e7d6ca2: startup date [Thu Dec 04 18:21:26 CST 2014]; root of context hierarchy
2014-12-04 18:21:26,927 [Thread-2] [?:?] [INFO DefaultListableBeanFactory] - Destroying singletons in org.springframework.beans.factory.support.DefaultListableBeanFactory@334879ee: defining beans [adminService,org.springframework.context.annotation.internalConfigurationAnnotationProcessor,org.springframework.context.annotation.internalAutowiredAnnotationProcessor,org.springframework.context.annotation.internalRequiredAnnotationProcessor,org.springframework.context.annotation.internalCommonAnnotationProcessor,org.springframework.beans.factory.config.PropertyPlaceholderConfigurer#0,settings,slf4JBridgeHandler,org.slf4j.bridge.SLF4JBridgeHandler#0,org.springframework.context.annotation.ConfigurationClassPostProcessor$ImportAwareBeanPostProcessor#0]; root of factory hierarchy
2014-12-04 18:21:42,637 [main] [?:?] [INFO XmlBeanDefinitionReader] - Loading XML bean definitions from class path resource [applicationContext.xml]
2014-12-04 18:21:43,238 [main] [?:?] [INFO GenericApplicationContext] - Refreshing org.springframework.context.support.GenericApplicationContext@a4dbd0f: startup date [Thu Dec 04 18:21:43 CST 2014]; root of context hierarchy
2014-12-04 18:21:43,318 [main] [?:?] [INFO PropertyPlaceholderConfigurer] - Loading properties file from class path resource [system.properties]
2014-12-04 18:21:43,332 [main] [?:?] [INFO DefaultListableBeanFactory] - Pre-instantiating singletons in org.springframework.beans.factory.support.DefaultListableBeanFactory@374287a9: defining beans [adminService,org.springframework.context.annotation.internalConfigurationAnnotationProcessor,org.springframework.context.annotation.internalAutowiredAnnotationProcessor,org.springframework.context.annotation.internalRequiredAnnotationProcessor,org.springframework.context.annotation.internalCommonAnnotationProcessor,org.springframework.beans.factory.config.PropertyPlaceholderConfigurer#0,settings,slf4JBridgeHandler,org.slf4j.bridge.SLF4JBridgeHandler#0,org.springframework.context.annotation.ConfigurationClassPostProcessor$ImportAwareBeanPostProcessor#0]; root of factory hierarchy
2014-12-04 18:21:43,347 [main] [?:?] [INFO PropertiesFactoryBean] - Loading properties file from class path resource [system.properties]
2014-12-04 18:21:43,406 [main] [?:?] [INFO PropertiesTest] - projectName1:SpringAndBootstrap
2014-12-04 18:21:43,406 [main] [?:?] [INFO PropertiesTest] - dev1:true
2014-12-04 18:21:43,406 [main] [?:?] [INFO PropertiesTest] - projectName2:SpringAndBootstrap
2014-12-04 18:21:43,406 [main] [?:?] [INFO PropertiesTest] - dev2:true
2014-12-04 18:21:43,411 [Thread-2] [?:?] [INFO GenericApplicationContext] - Closing org.springframework.context.support.GenericApplicationContext@a4dbd0f: startup date [Thu Dec 04 18:21:43 CST 2014]; root of context hierarchy
2014-12-04 18:21:43,412 [Thread-2] [?:?] [INFO DefaultListableBeanFactory] - Destroying singletons in org.springframework.beans.factory.support.DefaultListableBeanFactory@374287a9: defining beans [adminService,org.springframework.context.annotation.internalConfigurationAnnotationProcessor,org.springframework.context.annotation.internalAutowiredAnnotationProcessor,org.springframework.context.annotation.internalRequiredAnnotationProcessor,org.springframework.context.annotation.internalCommonAnnotationProcessor,org.springframework.beans.factory.config.PropertyPlaceholderConfigurer#0,settings,slf4JBridgeHandler,org.slf4j.bridge.SLF4JBridgeHandler#0,org.springframework.context.annotation.ConfigurationClassPostProcessor$ImportAwareBeanPostProcessor#0]; root of factory hierarchy
2014-12-04 18:22:15,121 [main] [?:?] [INFO XmlBeanDefinitionReader] - Loading XML bean definitions from class path resource [applicationContext.xml]
2014-12-04 18:22:15,844 [main] [?:?] [INFO GenericApplicationContext] - Refreshing org.springframework.context.support.GenericApplicationContext@75b72911: startup date [Thu Dec 04 18:22:15 CST 2014]; root of context hierarchy
2014-12-04 18:22:15,926 [main] [?:?] [INFO PropertyPlaceholderConfigurer] - Loading properties file from class path resource [system.properties]
2014-12-04 18:22:15,942 [main] [?:?] [INFO DefaultListableBeanFactory] - Pre-instantiating singletons in org.springframework.beans.factory.support.DefaultListableBeanFactory@374287a9: defining beans [adminService,org.springframework.context.annotation.internalConfigurationAnnotationProcessor,org.springframework.context.annotation.internalAutowiredAnnotationProcessor,org.springframework.context.annotation.internalRequiredAnnotationProcessor,org.springframework.context.annotation.internalCommonAnnotationProcessor,org.springframework.beans.factory.config.PropertyPlaceholderConfigurer#0,settings,slf4JBridgeHandler,org.slf4j.bridge.SLF4JBridgeHandler#0,org.springframework.context.annotation.ConfigurationClassPostProcessor$ImportAwareBeanPostProcessor#0]; root of factory hierarchy
2014-12-04 18:22:15,963 [main] [?:?] [INFO PropertiesFactoryBean] - Loading properties file from class path resource [system.properties]
2014-12-04 18:22:16,024 [main] [?:?] [INFO PropertiesTest] - projectName1:SpringAndBootstrap
2014-12-04 18:22:16,025 [main] [?:?] [INFO PropertiesTest] - dev1:true
2014-12-04 18:22:16,025 [main] [?:?] [INFO PropertiesTest] - projectName2:SpringAndBootstrap
2014-12-04 18:22:16,025 [main] [?:?] [INFO PropertiesTest] - dev2:true
2014-12-04 18:22:16,028 [Thread-2] [?:?] [INFO GenericApplicationContext] - Closing org.springframework.context.support.GenericApplicationContext@75b72911: startup date [Thu Dec 04 18:22:15 CST 2014]; root of context hierarchy
2014-12-04 18:22:16,029 [Thread-2] [?:?] [INFO DefaultListableBeanFactory] - Destroying singletons in org.springframework.beans.factory.support.DefaultListableBeanFactory@374287a9: defining beans [adminService,org.springframework.context.annotation.internalConfigurationAnnotationProcessor,org.springframework.context.annotation.internalAutowiredAnnotationProcessor,org.springframework.context.annotation.internalRequiredAnnotationProcessor,org.springframework.context.annotation.internalCommonAnnotationProcessor,org.springframework.beans.factory.config.PropertyPlaceholderConfigurer#0,settings,slf4JBridgeHandler,org.slf4j.bridge.SLF4JBridgeHandler#0,org.springframework.context.annotation.ConfigurationClassPostProcessor$ImportAwareBeanPostProcessor#0]; root of factory hierarchy
2014-12-04 18:22:41,917 [main] [?:?] [INFO XmlBeanDefinitionReader] - Loading XML bean definitions from class path resource [applicationContext.xml]
2014-12-04 18:22:42,498 [main] [?:?] [INFO GenericApplicationContext] - Refreshing org.springframework.context.support.GenericApplicationContext@75b72911: startup date [Thu Dec 04 18:22:42 CST 2014]; root of context hierarchy
2014-12-04 18:22:42,581 [main] [?:?] [INFO PropertyPlaceholderConfigurer] - Loading properties file from class path resource [system.properties]
2014-12-04 18:22:42,595 [main] [?:?] [INFO DefaultListableBeanFactory] - Pre-instantiating singletons in org.springframework.beans.factory.support.DefaultListableBeanFactory@98f6947: defining beans [adminService,org.springframework.context.annotation.internalConfigurationAnnotationProcessor,org.springframework.context.annotation.internalAutowiredAnnotationProcessor,org.springframework.context.annotation.internalRequiredAnnotationProcessor,org.springframework.context.annotation.internalCommonAnnotationProcessor,org.springframework.beans.factory.config.PropertyPlaceholderConfigurer#0,settings,slf4JBridgeHandler,org.slf4j.bridge.SLF4JBridgeHandler#0,org.springframework.context.annotation.ConfigurationClassPostProcessor$ImportAwareBeanPostProcessor#0]; root of factory hierarchy
2014-12-04 18:22:42,615 [main] [?:?] [INFO PropertiesFactoryBean] - Loading properties file from class path resource [system.properties]
2014-12-04 18:22:42,679 [main] [PropertiesTest.java:41] [INFO PropertiesTest] - projectName1:SpringAndBootstrap
2014-12-04 18:22:42,679 [main] [PropertiesTest.java:42] [INFO PropertiesTest] - dev1:true
2014-12-04 18:22:42,680 [main] [PropertiesTest.java:43] [INFO PropertiesTest] - projectName2:SpringAndBootstrap
2014-12-04 18:22:42,680 [main] [PropertiesTest.java:44] [INFO PropertiesTest] - dev2:true
2014-12-04 18:22:42,696 [Thread-2] [?:?] [INFO GenericApplicationContext] - Closing org.springframework.context.support.GenericApplicationContext@75b72911: startup date [Thu Dec 04 18:22:42 CST 2014]; root of context hierarchy
2014-12-04 18:22:42,697 [Thread-2] [?:?] [INFO DefaultListableBeanFactory] - Destroying singletons in org.springframework.beans.factory.support.DefaultListableBeanFactory@98f6947: defining beans [adminService,org.springframework.context.annotation.internalConfigurationAnnotationProcessor,org.springframework.context.annotation.internalAutowiredAnnotationProcessor,org.springframework.context.annotation.internalRequiredAnnotationProcessor,org.springframework.context.annotation.internalCommonAnnotationProcessor,org.springframework.beans.factory.config.PropertyPlaceholderConfigurer#0,settings,slf4JBridgeHandler,org.slf4j.bridge.SLF4JBridgeHandler#0,org.springframework.context.annotation.ConfigurationClassPostProcessor$ImportAwareBeanPostProcessor#0]; root of factory hierarchy
2014-12-04 18:23:04,160 [main] [XmlBeanDefinitionReader.java:315] [INFO XmlBeanDefinitionReader] - Loading XML bean definitions from class path resource [applicationContext.xml]
2014-12-04 18:23:04,755 [main] [AbstractApplicationContext.java:495] [INFO GenericApplicationContext] - Refreshing org.springframework.context.support.GenericApplicationContext@75b72911: startup date [Thu Dec 04 18:23:04 CST 2014]; root of context hierarchy
2014-12-04 18:23:04,846 [main] [PropertiesLoaderSupport.java:177] [INFO PropertyPlaceholderConfigurer] - Loading properties file from class path resource [system.properties]
2014-12-04 18:23:04,862 [main] [DefaultListableBeanFactory.java:557] [INFO DefaultListableBeanFactory] - Pre-instantiating singletons in org.springframework.beans.factory.support.DefaultListableBeanFactory@2648b938: defining beans [adminService,org.springframework.context.annotation.internalConfigurationAnnotationProcessor,org.springframework.context.annotation.internalAutowiredAnnotationProcessor,org.springframework.context.annotation.internalRequiredAnnotationProcessor,org.springframework.context.annotation.internalCommonAnnotationProcessor,org.springframework.beans.factory.config.PropertyPlaceholderConfigurer#0,settings,slf4JBridgeHandler,org.slf4j.bridge.SLF4JBridgeHandler#0,org.springframework.context.annotation.ConfigurationClassPostProcessor$ImportAwareBeanPostProcessor#0]; root of factory hierarchy
2014-12-04 18:23:04,881 [main] [PropertiesLoaderSupport.java:177] [INFO PropertiesFactoryBean] - Loading properties file from class path resource [system.properties]
2014-12-04 18:23:04,943 [main] [PropertiesTest.java:41] [INFO PropertiesTest] - projectName1:SpringAndBootstrap
2014-12-04 18:23:04,944 [main] [PropertiesTest.java:42] [INFO PropertiesTest] - dev1:true
2014-12-04 18:23:04,944 [main] [PropertiesTest.java:43] [INFO PropertiesTest] - projectName2:SpringAndBootstrap
2014-12-04 18:23:04,945 [main] [PropertiesTest.java:44] [INFO PropertiesTest] - dev2:true
2014-12-04 18:23:04,949 [Thread-2] [AbstractApplicationContext.java:1020] [INFO GenericApplicationContext] - Closing org.springframework.context.support.GenericApplicationContext@75b72911: startup date [Thu Dec 04 18:23:04 CST 2014]; root of context hierarchy
2014-12-04 18:23:04,950 [Thread-2] [DefaultSingletonBeanRegistry.java:433] [INFO DefaultListableBeanFactory] - Destroying singletons in org.springframework.beans.factory.support.DefaultListableBeanFactory@2648b938: defining beans [adminService,org.springframework.context.annotation.internalConfigurationAnnotationProcessor,org.springframework.context.annotation.internalAutowiredAnnotationProcessor,org.springframework.context.annotation.internalRequiredAnnotationProcessor,org.springframework.context.annotation.internalCommonAnnotationProcessor,org.springframework.beans.factory.config.PropertyPlaceholderConfigurer#0,settings,slf4JBridgeHandler,org.slf4j.bridge.SLF4JBridgeHandler#0,org.springframework.context.annotation.ConfigurationClassPostProcessor$ImportAwareBeanPostProcessor#0]; root of factory hierarchy
2014-12-04 18:23:55,361 [main] [PropertiesTest.java:48] [INFO PropertiesTest] - test
2014-12-04 18:23:55,431 [main] [AbstractApplicationContext.java:495] [INFO ClassPathXmlApplicationContext] - Refreshing org.springframework.context.support.ClassPathXmlApplicationContext@1f6e6127: startup date [Thu Dec 04 18:23:55 CST 2014]; root of context hierarchy
2014-12-04 18:23:55,484 [main] [XmlBeanDefinitionReader.java:315] [INFO XmlBeanDefinitionReader] - Loading XML bean definitions from class path resource [applicationContext.xml]
2014-12-04 18:23:56,179 [main] [PropertiesLoaderSupport.java:177] [INFO PropertyPlaceholderConfigurer] - Loading properties file from class path resource [system.properties]
2014-12-04 18:23:56,191 [main] [DefaultListableBeanFactory.java:557] [INFO DefaultListableBeanFactory] - Pre-instantiating singletons in org.springframework.beans.factory.support.DefaultListableBeanFactory@409a63d7: defining beans [adminService,org.springframework.context.annotation.internalConfigurationAnnotationProcessor,org.springframework.context.annotation.internalAutowiredAnnotationProcessor,org.springframework.context.annotation.internalRequiredAnnotationProcessor,org.springframework.context.annotation.internalCommonAnnotationProcessor,org.springframework.beans.factory.config.PropertyPlaceholderConfigurer#0,settings,slf4JBridgeHandler,org.slf4j.bridge.SLF4JBridgeHandler#0,org.springframework.context.annotation.ConfigurationClassPostProcessor$ImportAwareBeanPostProcessor#0]; root of factory hierarchy
2014-12-04 18:23:56,205 [main] [PropertiesLoaderSupport.java:177] [INFO PropertiesFactoryBean] - Loading properties file from class path resource [system.properties]
2014-12-04 18:23:56,214 [main] [PropertiesLoaderSupport.java:177] [INFO PropertyPlaceholderConfigurer] - Loading properties file from class path resource [system.properties]
