2014-12-04 17:15:11,569 [main] [XmlBeanDefinitionReader.java:315] [INFO XmlBeanDefinitionReader] - Loading XML bean definitions from class path resource [appContext-test.xml]
2014-12-04 17:15:11,596 [main] [TestContextManager.java:324] [ERROR TestContextManager] - Caught exception while allowing TestExecutionListener [org.springframework.test.context.support.DependencyInjectionTestExecutionListener@10dd4b9d] to prepare test instance [com.jasper.sab.service.TestService@308f3911]
java.lang.IllegalStateException: Failed to load ApplicationContext
	at org.springframework.test.context.TestContext.getApplicationContext(TestContext.java:157) ~[spring-test-3.1.0.RELEASE.jar:3.1.0.RELEASE]
	at org.springframework.test.context.support.DependencyInjectionTestExecutionListener.injectDependencies(DependencyInjectionTestExecutionListener.java:109) ~[spring-test-3.1.0.RELEASE.jar:3.1.0.RELEASE]
	at org.springframework.test.context.support.DependencyInjectionTestExecutionListener.prepareTestInstance(DependencyInjectionTestExecutionListener.java:75) ~[spring-test-3.1.0.RELEASE.jar:3.1.0.RELEASE]
	at org.springframework.test.context.TestContextManager.prepareTestInstance(TestContextManager.java:321) ~[spring-test-3.1.0.RELEASE.jar:3.1.0.RELEASE]
	at org.springframework.test.context.junit4.SpringJUnit4ClassRunner.createTest(SpringJUnit4ClassRunner.java:211) [spring-test-3.1.0.RELEASE.jar:3.1.0.RELEASE]
	at org.springframework.test.context.junit4.SpringJUnit4ClassRunner$1.runReflectiveCall(SpringJUnit4ClassRunner.java:288) [spring-test-3.1.0.RELEASE.jar:3.1.0.RELEASE]
	at org.junit.internal.runners.model.ReflectiveCallable.run(ReflectiveCallable.java:15) [junit-4.8.1.jar:na]
	at org.springframework.test.context.junit4.SpringJUnit4ClassRunner.methodBlock(SpringJUnit4ClassRunner.java:290) [spring-test-3.1.0.RELEASE.jar:3.1.0.RELEASE]
	at org.springframework.test.context.junit4.SpringJUnit4ClassRunner.runChild(SpringJUnit4ClassRunner.java:231) [spring-test-3.1.0.RELEASE.jar:3.1.0.RELEASE]
	at org.junit.runners.BlockJUnit4ClassRunner.runChild(BlockJUnit4ClassRunner.java:50) [junit-4.8.1.jar:na]
	at org.junit.runners.ParentRunner$3.run(ParentRunner.java:193) [junit-4.8.1.jar:na]
	at org.junit.runners.ParentRunner$1.schedule(ParentRunner.java:52) [junit-4.8.1.jar:na]
	at org.junit.runners.ParentRunner.runChildren(ParentRunner.java:191) [junit-4.8.1.jar:na]
	at org.junit.runners.ParentRunner.access$000(ParentRunner.java:42) [junit-4.8.1.jar:na]
	at org.junit.runners.ParentRunner$2.evaluate(ParentRunner.java:184) [junit-4.8.1.jar:na]
	at org.springframework.test.context.junit4.statements.RunBeforeTestClassCallbacks.evaluate(RunBeforeTestClassCallbacks.java:61) [spring-test-3.1.0.RELEASE.jar:3.1.0.RELEASE]
	at org.springframework.test.context.junit4.statements.RunAfterTestClassCallbacks.evaluate(RunAfterTestClassCallbacks.java:71) [spring-test-3.1.0.RELEASE.jar:3.1.0.RELEASE]
	at org.junit.runners.ParentRunner.run(ParentRunner.java:236) [junit-4.8.1.jar:na]
	at org.springframework.test.context.junit4.SpringJUnit4ClassRunner.run(SpringJUnit4ClassRunner.java:174) [spring-test-3.1.0.RELEASE.jar:3.1.0.RELEASE]
	at org.eclipse.jdt.internal.junit4.runner.JUnit4TestReference.run(JUnit4TestReference.java:50) [.cp/:na]
	at org.eclipse.jdt.internal.junit.runner.TestExecution.run(TestExecution.java:38) [.cp/:na]
	at org.eclipse.jdt.internal.junit.runner.RemoteTestRunner.runTests(RemoteTestRunner.java:467) [.cp/:na]
	at org.eclipse.jdt.internal.junit.runner.RemoteTestRunner.runTests(RemoteTestRunner.java:683) [.cp/:na]
	at org.eclipse.jdt.internal.junit.runner.RemoteTestRunner.run(RemoteTestRunner.java:390) [.cp/:na]
	at org.eclipse.jdt.internal.junit.runner.RemoteTestRunner.main(RemoteTestRunner.java:197) [.cp/:na]
Caused by: org.springframework.beans.factory.BeanDefinitionStoreException: IOException parsing XML document from class path resource [appContext-test.xml]; nested exception is java.io.FileNotFoundException: class path resource [appContext-test.xml] cannot be opened because it does not exist
	at org.springframework.beans.factory.xml.XmlBeanDefinitionReader.loadBeanDefinitions(XmlBeanDefinitionReader.java:341) ~[spring-beans-3.1.0.RELEASE.jar:3.1.0.RELEASE]
	at org.springframework.beans.factory.xml.XmlBeanDefinitionReader.loadBeanDefinitions(XmlBeanDefinitionReader.java:302) ~[spring-beans-3.1.0.RELEASE.jar:3.1.0.RELEASE]
	at org.springframework.beans.factory.support.AbstractBeanDefinitionReader.loadBeanDefinitions(AbstractBeanDefinitionReader.java:174) ~[spring-beans-3.1.0.RELEASE.jar:3.1.0.RELEASE]
	at org.springframework.beans.factory.support.AbstractBeanDefinitionReader.loadBeanDefinitions(AbstractBeanDefinitionReader.java:209) ~[spring-beans-3.1.0.RELEASE.jar:3.1.0.RELEASE]
	at org.springframework.beans.factory.support.AbstractBeanDefinitionReader.loadBeanDefinitions(AbstractBeanDefinitionReader.java:180) ~[spring-beans-3.1.0.RELEASE.jar:3.1.0.RELEASE]
	at org.springframework.beans.factory.support.AbstractBeanDefinitionReader.loadBeanDefinitions(AbstractBeanDefinitionReader.java:243) ~[spring-beans-3.1.0.RELEASE.jar:3.1.0.RELEASE]
	at org.springframework.test.context.support.AbstractGenericContextLoader.loadBeanDefinitions(AbstractGenericContextLoader.java:205) ~[spring-test-3.1.0.RELEASE.jar:3.1.0.RELEASE]
	at org.springframework.test.context.support.AbstractGenericContextLoader.loadContext(AbstractGenericContextLoader.java:100) ~[spring-test-3.1.0.RELEASE.jar:3.1.0.RELEASE]
	at org.springframework.test.context.support.AbstractGenericContextLoader.loadContext(AbstractGenericContextLoader.java:1) ~[spring-test-3.1.0.RELEASE.jar:3.1.0.RELEASE]
	at org.springframework.test.context.support.DelegatingSmartContextLoader.loadContext(DelegatingSmartContextLoader.java:228) ~[spring-test-3.1.0.RELEASE.jar:3.1.0.RELEASE]
	at org.springframework.test.context.TestContext.loadApplicationContext(TestContext.java:124) ~[spring-test-3.1.0.RELEASE.jar:3.1.0.RELEASE]
	at org.springframework.test.context.TestContext.getApplicationContext(TestContext.java:148) ~[spring-test-3.1.0.RELEASE.jar:3.1.0.RELEASE]
	... 24 common frames omitted
Caused by: java.io.FileNotFoundException: class path resource [appContext-test.xml] cannot be opened because it does not exist
	at org.springframework.core.io.ClassPathResource.getInputStream(ClassPathResource.java:158) ~[spring-core-3.1.0.RELEASE.jar:3.1.0.RELEASE]
	at org.springframework.beans.factory.xml.XmlBeanDefinitionReader.loadBeanDefinitions(XmlBeanDefinitionReader.java:328) ~[spring-beans-3.1.0.RELEASE.jar:3.1.0.RELEASE]
	... 35 common frames omitted
2014-12-04 17:15:33,698 [main] [?:?] [INFO XmlBeanDefinitionReader] - Loading XML bean definitions from class path resource [com/jasper/sab/service/applicationContext.xml]
2014-12-04 17:15:33,707 [main] [?:?] [ERROR TestContextManager] - Caught exception while allowing TestExecutionListener [org.springframework.test.context.support.DependencyInjectionTestExecutionListener@2227ca20] to prepare test instance [com.jasper.sab.service.TestService@62470c64]
java.lang.IllegalStateException: Failed to load ApplicationContext
	at org.springframework.test.context.TestContext.getApplicationContext(TestContext.java:157) ~[spring-test-3.1.0.RELEASE.jar:3.1.0.RELEASE]
	at org.springframework.test.context.support.DependencyInjectionTestExecutionListener.injectDependencies(DependencyInjectionTestExecutionListener.java:109) ~[spring-test-3.1.0.RELEASE.jar:3.1.0.RELEASE]
	at org.springframework.test.context.support.DependencyInjectionTestExecutionListener.prepareTestInstance(DependencyInjectionTestExecutionListener.java:75) ~[spring-test-3.1.0.RELEASE.jar:3.1.0.RELEASE]
	at org.springframework.test.context.TestContextManager.prepareTestInstance(TestContextManager.java:321) ~[spring-test-3.1.0.RELEASE.jar:3.1.0.RELEASE]
	at org.springframework.test.context.junit4.SpringJUnit4ClassRunner.createTest(SpringJUnit4ClassRunner.java:211) [spring-test-3.1.0.RELEASE.jar:3.1.0.RELEASE]
	at org.springframework.test.context.junit4.SpringJUnit4ClassRunner$1.runReflectiveCall(SpringJUnit4ClassRunner.java:288) [spring-test-3.1.0.RELEASE.jar:3.1.0.RELEASE]
	at org.junit.internal.runners.model.ReflectiveCallable.run(ReflectiveCallable.java:15) [junit-4.8.1.jar:na]
	at org.springframework.test.context.junit4.SpringJUnit4ClassRunner.methodBlock(SpringJUnit4ClassRunner.java:290) [spring-test-3.1.0.RELEASE.jar:3.1.0.RELEASE]
	at org.springframework.test.context.junit4.SpringJUnit4ClassRunner.runChild(SpringJUnit4ClassRunner.java:231) [spring-test-3.1.0.RELEASE.jar:3.1.0.RELEASE]
	at org.junit.runners.BlockJUnit4ClassRunner.runChild(BlockJUnit4ClassRunner.java:50) [junit-4.8.1.jar:na]
	at org.junit.runners.ParentRunner$3.run(ParentRunner.java:193) [junit-4.8.1.jar:na]
	at org.junit.runners.ParentRunner$1.schedule(ParentRunner.java:52) [junit-4.8.1.jar:na]
	at org.junit.runners.ParentRunner.runChildren(ParentRunner.java:191) [junit-4.8.1.jar:na]
	at org.junit.runners.ParentRunner.access$000(ParentRunner.java:42) [junit-4.8.1.jar:na]
	at org.junit.runners.ParentRunner$2.evaluate(ParentRunner.java:184) [junit-4.8.1.jar:na]
	at org.springframework.test.context.junit4.statements.RunBeforeTestClassCallbacks.evaluate(RunBeforeTestClassCallbacks.java:61) [spring-test-3.1.0.RELEASE.jar:3.1.0.RELEASE]
	at org.springframework.test.context.junit4.statements.RunAfterTestClassCallbacks.evaluate(RunAfterTestClassCallbacks.java:71) [spring-test-3.1.0.RELEASE.jar:3.1.0.RELEASE]
	at org.junit.runners.ParentRunner.run(ParentRunner.java:236) [junit-4.8.1.jar:na]
	at org.springframework.test.context.junit4.SpringJUnit4ClassRunner.run(SpringJUnit4ClassRunner.java:174) [spring-test-3.1.0.RELEASE.jar:3.1.0.RELEASE]
	at org.eclipse.jdt.internal.junit4.runner.JUnit4TestReference.run(JUnit4TestReference.java:50) [.cp/:na]
	at org.eclipse.jdt.internal.junit.runner.TestExecution.run(TestExecution.java:38) [.cp/:na]
	at org.eclipse.jdt.internal.junit.runner.RemoteTestRunner.runTests(RemoteTestRunner.java:467) [.cp/:na]
	at org.eclipse.jdt.internal.junit.runner.RemoteTestRunner.runTests(RemoteTestRunner.java:683) [.cp/:na]
	at org.eclipse.jdt.internal.junit.runner.RemoteTestRunner.run(RemoteTestRunner.java:390) [.cp/:na]
	at org.eclipse.jdt.internal.junit.runner.RemoteTestRunner.main(RemoteTestRunner.java:197) [.cp/:na]
Caused by: org.springframework.beans.factory.BeanDefinitionStoreException: IOException parsing XML document from class path resource [com/jasper/sab/service/applicationContext.xml]; nested exception is java.io.FileNotFoundException: class path resource [com/jasper/sab/service/applicationContext.xml] cannot be opened because it does not exist
	at org.springframework.beans.factory.xml.XmlBeanDefinitionReader.loadBeanDefinitions(XmlBeanDefinitionReader.java:341) ~[spring-beans-3.1.0.RELEASE.jar:3.1.0.RELEASE]
	at org.springframework.beans.factory.xml.XmlBeanDefinitionReader.loadBeanDefinitions(XmlBeanDefinitionReader.java:302) ~[spring-beans-3.1.0.RELEASE.jar:3.1.0.RELEASE]
	at org.springframework.beans.factory.support.AbstractBeanDefinitionReader.loadBeanDefinitions(AbstractBeanDefinitionReader.java:174) ~[spring-beans-3.1.0.RELEASE.jar:3.1.0.RELEASE]
	at org.springframework.beans.factory.support.AbstractBeanDefinitionReader.loadBeanDefinitions(AbstractBeanDefinitionReader.java:209) ~[spring-beans-3.1.0.RELEASE.jar:3.1.0.RELEASE]
	at org.springframework.beans.factory.support.AbstractBeanDefinitionReader.loadBeanDefinitions(AbstractBeanDefinitionReader.java:180) ~[spring-beans-3.1.0.RELEASE.jar:3.1.0.RELEASE]
	at org.springframework.beans.factory.support.AbstractBeanDefinitionReader.loadBeanDefinitions(AbstractBeanDefinitionReader.java:243) ~[spring-beans-3.1.0.RELEASE.jar:3.1.0.RELEASE]
	at org.springframework.test.context.support.AbstractGenericContextLoader.loadBeanDefinitions(AbstractGenericContextLoader.java:205) ~[spring-test-3.1.0.RELEASE.jar:3.1.0.RELEASE]
	at org.springframework.test.context.support.AbstractGenericContextLoader.loadContext(AbstractGenericContextLoader.java:100) ~[spring-test-3.1.0.RELEASE.jar:3.1.0.RELEASE]
	at org.springframework.test.context.support.AbstractGenericContextLoader.loadContext(AbstractGenericContextLoader.java:1) ~[spring-test-3.1.0.RELEASE.jar:3.1.0.RELEASE]
	at org.springframework.test.context.support.DelegatingSmartContextLoader.loadContext(DelegatingSmartContextLoader.java:228) ~[spring-test-3.1.0.RELEASE.jar:3.1.0.RELEASE]
	at org.springframework.test.context.TestContext.loadApplicationContext(TestContext.java:124) ~[spring-test-3.1.0.RELEASE.jar:3.1.0.RELEASE]
	at org.springframework.test.context.TestContext.getApplicationContext(TestContext.java:148) ~[spring-test-3.1.0.RELEASE.jar:3.1.0.RELEASE]
	... 24 common frames omitted
Caused by: java.io.FileNotFoundException: class path resource [com/jasper/sab/service/applicationContext.xml] cannot be opened because it does not exist
	at org.springframework.core.io.ClassPathResource.getInputStream(ClassPathResource.java:158) ~[spring-core-3.1.0.RELEASE.jar:3.1.0.RELEASE]
	at org.springframework.beans.factory.xml.XmlBeanDefinitionReader.loadBeanDefinitions(XmlBeanDefinitionReader.java:328) ~[spring-beans-3.1.0.RELEASE.jar:3.1.0.RELEASE]
	... 35 common frames omitted
2014-12-04 17:16:02,520 [main] [XmlBeanDefinitionReader.java:315] [INFO XmlBeanDefinitionReader] - Loading XML bean definitions from class path resource [applicationContext.xml]
2014-12-04 17:16:02,990 [main] [?:?] [INFO GenericApplicationContext] - Refreshing org.springframework.context.support.GenericApplicationContext@460dfee1: startup date [Thu Dec 04 17:16:02 CST 2014]; root of context hierarchy
2014-12-04 17:16:03,146 [main] [?:?] [INFO DefaultListableBeanFactory] - Pre-instantiating singletons in org.springframework.beans.factory.support.DefaultListableBeanFactory@53b9c85c: defining beans [adminService,org.springframework.context.annotation.internalConfigurationAnnotationProcessor,org.springframework.context.annotation.internalAutowiredAnnotationProcessor,org.springframework.context.annotation.internalRequiredAnnotationProcessor,org.springframework.context.annotation.internalCommonAnnotationProcessor,slf4JBridgeHandler,org.slf4j.bridge.SLF4JBridgeHandler#0,org.springframework.context.annotation.ConfigurationClassPostProcessor$ImportAwareBeanPostProcessor#0]; root of factory hierarchy
2014-12-04 17:16:03,250 [main] [?:?] [INFO TestService] - tttttttt
2014-12-04 17:16:03,253 [Thread-2] [?:?] [INFO GenericApplicationContext] - Closing org.springframework.context.support.GenericApplicationContext@460dfee1: startup date [Thu Dec 04 17:16:02 CST 2014]; root of context hierarchy
2014-12-04 17:16:03,254 [Thread-2] [?:?] [INFO DefaultListableBeanFactory] - Destroying singletons in org.springframework.beans.factory.support.DefaultListableBeanFactory@53b9c85c: defining beans [adminService,org.springframework.context.annotation.internalConfigurationAnnotationProcessor,org.springframework.context.annotation.internalAutowiredAnnotationProcessor,org.springframework.context.annotation.internalRequiredAnnotationProcessor,org.springframework.context.annotation.internalCommonAnnotationProcessor,slf4JBridgeHandler,org.slf4j.bridge.SLF4JBridgeHandler#0,org.springframework.context.annotation.ConfigurationClassPostProcessor$ImportAwareBeanPostProcessor#0]; root of factory hierarchy
2014-12-04 17:17:16,682 [main] [?:?] [INFO XmlBeanDefinitionReader] - Loading XML bean definitions from class path resource [applicationContext.xml]
2014-12-04 17:17:16,912 [main] [AbstractApplicationContext.java:495] [INFO GenericApplicationContext] - Refreshing org.springframework.context.support.GenericApplicationContext@5803e54a: startup date [Thu Dec 04 17:17:16 CST 2014]; root of context hierarchy
2014-12-04 17:17:17,000 [main] [DefaultListableBeanFactory.java:557] [INFO DefaultListableBeanFactory] - Pre-instantiating singletons in org.springframework.beans.factory.support.DefaultListableBeanFactory@5497d017: defining beans [adminService,org.springframework.context.annotation.internalConfigurationAnnotationProcessor,org.springframework.context.annotation.internalAutowiredAnnotationProcessor,org.springframework.context.annotation.internalRequiredAnnotationProcessor,org.springframework.context.annotation.internalCommonAnnotationProcessor,slf4JBridgeHandler,org.slf4j.bridge.SLF4JBridgeHandler#0,org.springframework.context.annotation.ConfigurationClassPostProcessor$ImportAwareBeanPostProcessor#0]; root of factory hierarchy
2014-12-04 17:17:17,094 [main] [TestService.java:20] [INFO TestService] - isAdmintrue
2014-12-04 17:17:17,094 [main] [TestService.java:21] [INFO TestService] - isAdminfalse
2014-12-04 17:17:17,107 [Thread-2] [?:?] [INFO GenericApplicationContext] - Closing org.springframework.context.support.GenericApplicationContext@5803e54a: startup date [Thu Dec 04 17:17:16 CST 2014]; root of context hierarchy
2014-12-04 17:17:17,108 [Thread-2] [?:?] [INFO DefaultListableBeanFactory] - Destroying singletons in org.springframework.beans.factory.support.DefaultListableBeanFactory@5497d017: defining beans [adminService,org.springframework.context.annotation.internalConfigurationAnnotationProcessor,org.springframework.context.annotation.internalAutowiredAnnotationProcessor,org.springframework.context.annotation.internalRequiredAnnotationProcessor,org.springframework.context.annotation.internalCommonAnnotationProcessor,slf4JBridgeHandler,org.slf4j.bridge.SLF4JBridgeHandler#0,org.springframework.context.annotation.ConfigurationClassPostProcessor$ImportAwareBeanPostProcessor#0]; root of factory hierarchy
